<?xml version="1.0" encoding="UTF-8"?>
<testsuite xmlns:xsi="http://www.w3.org/2001/XMLSchema-instance" xsi:noNamespaceSchemaLocation="https://maven.apache.org/surefire/maven-surefire-plugin/xsd/surefire-test-report.xsd" name="com.mycompany.app.AppTest" time="0.278" tests="25" errors="0" skipped="0" failures="0">
  <properties>
[...]
</properties>
  <testcase name="test_grade_by_boundary_value_analysis{int, char}[1]" classname="com.mycompany.app.AppTest" time="0.066"/>
  <testcase name="test_grade_by_boundary_value_analysis{int, char}[2]" classname="com.mycompany.app.AppTest" time="0.003"/>
  <testcase name="test_grade_by_boundary_value_analysis{int, char}[3]" classname="com.mycompany.app.AppTest" time="0"/>
  <testcase name="test_grade_by_boundary_value_analysis{int, char}[4]" classname="com.mycompany.app.AppTest" time="0"/>
  <testcase name="test_grade_by_boundary_value_analysis{int, char}[5]" classname="com.mycompany.app.AppTest" time="0.004"/>
  <testcase name="test_grade_by_boundary_value_analysis{int, char}[6]" classname="com.mycompany.app.AppTest" time="0"/>
  <testcase name="test_grade_by_boundary_value_analysis{int, char}[7]" classname="com.mycompany.app.AppTest" time="0"/>
  <testcase name="test_grade_by_boundary_value_analysis{int, char}[8]" classname="com.mycompany.app.AppTest" time="0"/>
  <testcase name="test_grade_by_boundary_value_analysis{int, char}[9]" classname="com.mycompany.app.AppTest" time="0.002"/>
  <testcase name="test_grade_by_boundary_value_analysis{int, char}[10]" classname="com.mycompany.app.AppTest" time="0.002"/>
  <testcase name="test_grade_by_boundary_value_analysis{int, char}[11]" classname="com.mycompany.app.AppTest" time="0.001"/>
  <testcase name="test_grade_by_boundary_value_analysis{int, char}[12]" classname="com.mycompany.app.AppTest" time="0.003"/>
  <testcase name="test_grade_by_boundary_value_analysis{int, char}[13]" classname="com.mycompany.app.AppTest" time="0"/>
  <testcase name="test_grade_by_boundary_value_analysis{int, char}[14]" classname="com.mycompany.app.AppTest" time="0.003"/>
  <testcase name="test_grade_by_boundary_value_analysis{int, char}[15]" classname="com.mycompany.app.AppTest" time="0.002"/>
  <testcase name="test_grade_by_boundary_value_analysis{int, char}[16]" classname="com.mycompany.app.AppTest" time="0.002"/>
  <testcase name="test_grade_by_boundary_value_analysis{int, char}[17]" classname="com.mycompany.app.AppTest" time="0.001"/>
  <testcase name="test_grade_by_boundary_value_analysis{int, char}[18]" classname="com.mycompany.app.AppTest" time="0.002"/>
  <testcase name="test_grade_by_equivalence_partitioning{int, char}[1]" classname="com.mycompany.app.AppTest" time="0.003"/>
  <testcase name="test_grade_by_equivalence_partitioning{int, char}[2]" classname="com.mycompany.app.AppTest" time="0.001"/>
  <testcase name="test_grade_by_equivalence_partitioning{int, char}[3]" classname="com.mycompany.app.AppTest" time="0.001"/>
  <testcase name="test_grade_by_equivalence_partitioning{int, char}[4]" classname="com.mycompany.app.AppTest" time="0.001"/>
  <testcase name="test_grade_by_equivalence_partitioning{int, char}[5]" classname="com.mycompany.app.AppTest" time="0.001"/>
  <testcase name="test_grade_by_equivalence_partitioning{int, char}[6]" classname="com.mycompany.app.AppTest" time="0.001"/>
  <testcase name="test_grade_by_equivalence_partitioning{int, char}[7]" classname="com.mycompany.app.AppTest" time="0.001"/>
</testsuite>